<?xml version="1.0" encoding="UTF-8"?>
<!-- Generated by org.testng.reporters.JUnitReportReporter -->
<testsuite hostname="DESKTOP-L48DKLF" failures="0" tests="2" name="test.BookingTest" time="135.095" errors="0" timestamp="2024-06-27T23:42:36 IST" skipped="0">
  <testcase classname="test.BookingTest" name="bookingDetails" time="68.813"/>
  <testcase classname="test.BookingTest" name="bookingDetails" time="66.282"/>
</testsuite> <!-- test.BookingTest -->
