<?xml version="1.0" encoding="UTF-8"?>
<!-- Generated by org.testng.reporters.JUnitReportReporter -->
<testsuite hostname="DESKTOP-L48DKLF" failures="0" tests="4" name="test.FlightSelectionTest" time="233.323" errors="0" timestamp="2024-06-27T23:42:36 IST" skipped="0">
  <testcase classname="test.FlightSelectionTest" name="flightSelection_OneWayBooking" time="52.377"/>
  <testcase classname="test.FlightSelectionTest" name="flightSelection_OneWayBooking" time="53.554"/>
  <testcase classname="test.FlightSelectionTest" name="flightSelection_RoundTripBooking" time="63.015"/>
  <testcase classname="test.FlightSelectionTest" name="flightSelection_RoundTripBooking" time="64.377"/>
</testsuite> <!-- test.FlightSelectionTest -->
