<?xml version="1.0" encoding="UTF-8"?>
<!-- Generated by org.testng.reporters.JUnitReportReporter -->
<testsuite hostname="DESKTOP-L48DKLF" failures="0" tests="2" name="test.LogInTest" time="50.083" errors="0" timestamp="2024-06-27T23:42:36 IST" skipped="0">
  <testcase classname="test.LogInTest" name="login_ValidCred" time="20.973"/>
  <testcase classname="test.LogInTest" name="login_ValidCred" time="29.110"/>
</testsuite> <!-- test.LogInTest -->
